<?xml version="1.0" encoding="UTF-8"?>
<!-- Generated by org.testng.reporters.JUnitReportReporter -->
<testsuite hostname="DESKTOP-VSJUOCQ" failures="0" tests="2" name="testCases.TC001_AccountRegistrationTest" time="15.694" errors="0" timestamp="2026-03-26T23:17:41 IST" skipped="0">
  <testcase classname="testCases.TC001_AccountRegistrationTest" name="verify_account_registration" time="8.880"/>
  <testcase classname="testCases.TC001_AccountRegistrationTest" name="verify_account_registration" time="6.814"/>
</testsuite> <!-- testCases.TC001_AccountRegistrationTest -->
